<?xml version="1.0" encoding="UTF-8"?>
<testng-results skipped="18" failed="0" total="18" passed="0">
  <reporter-output>
  </reporter-output>
  <suite name="Suite" duration-ms="46617" started-at="2018-01-04T10:22:33Z" finished-at="2018-01-04T10:23:20Z">
    <groups>
    </groups>
    <test name="Test" duration-ms="46617" started-at="2018-01-04T10:22:33Z" finished-at="2018-01-04T10:23:20Z">
      <class name="com.Functions.AdMonitor_run">
        <test-method status="FAIL" signature="beforeTest()[pri:0, instance:com.Functions.AdMonitor_run@6ac0b715]" name="beforeTest" is-config="true" duration-ms="0" started-at="2018-01-04T15:52:34Z" finished-at="2018-01-04T15:52:34Z">
          <exception class="org.openqa.selenium.WebDriverException">
            <message>
              <![CDATA[An unknown server-side error occurred while processing the command. Original error: Unknown device or simulator UDID: '065f96d70ace738cc0afb7bd7ca6fcb1ae716935' (WARNING: The server did not provide any stacktrace information)
Command duration or timeout: 276 milliseconds
Build info: version: '2.51.0', revision: '1af067dbcaedd7d2ab9af5151fc471d363d97193', time: '2016-02-05 11:20:57'
System info: host: 'Macminis-Mac-mini.local', ip: '192.168.1.24', os.name: 'Mac OS X', os.arch: 'x86_64', os.version: '10.13.2', java.version: '1.8.0_151'
Driver info: io.appium.java_client.ios.IOSDriver]]>
            </message>
            <full-stacktrace>
              <![CDATA[org.openqa.selenium.WebDriverException: An unknown server-side error occurred while processing the command. Original error: Unknown device or simulator UDID: '065f96d70ace738cc0afb7bd7ca6fcb1ae716935' (WARNING: The server did not provide any stacktrace information)
Command duration or timeout: 276 milliseconds
Build info: version: '2.51.0', revision: '1af067dbcaedd7d2ab9af5151fc471d363d97193', time: '2016-02-05 11:20:57'
System info: host: 'Macminis-Mac-mini.local', ip: '192.168.1.24', os.name: 'Mac OS X', os.arch: 'x86_64', os.version: '10.13.2', java.version: '1.8.0_151'
Driver info: io.appium.java_client.ios.IOSDriver
	at sun.reflect.NativeConstructorAccessorImpl.newInstance0(Native Method)
	at sun.reflect.NativeConstructorAccessorImpl.newInstance(NativeConstructorAccessorImpl.java:62)
	at sun.reflect.DelegatingConstructorAccessorImpl.newInstance(DelegatingConstructorAccessorImpl.java:45)
	at java.lang.reflect.Constructor.newInstance(Constructor.java:423)
	at org.openqa.selenium.remote.ErrorHandler.createThrowable(ErrorHandler.java:206)
	at org.openqa.selenium.remote.ErrorHandler.throwIfResponseFailed(ErrorHandler.java:158)
	at org.openqa.selenium.remote.RemoteWebDriver.execute(RemoteWebDriver.java:678)
	at io.appium.java_client.DefaultGenericMobileDriver.execute(DefaultGenericMobileDriver.java:40)
	at io.appium.java_client.AppiumDriver.execute(AppiumDriver.java:1)
	at io.appium.java_client.ios.IOSDriver.execute(IOSDriver.java:1)
	at org.openqa.selenium.remote.RemoteWebDriver.startSession(RemoteWebDriver.java:249)
	at org.openqa.selenium.remote.RemoteWebDriver.<init>(RemoteWebDriver.java:131)
	at org.openqa.selenium.remote.RemoteWebDriver.<init>(RemoteWebDriver.java:144)
	at io.appium.java_client.DefaultGenericMobileDriver.<init>(DefaultGenericMobileDriver.java:36)
	at io.appium.java_client.AppiumDriver.<init>(AppiumDriver.java:114)
	at io.appium.java_client.AppiumDriver.<init>(AppiumDriver.java:132)
	at io.appium.java_client.ios.IOSDriver.<init>(IOSDriver.java:82)
	at com.Functions.Functions.launchtheApp(Functions.java:415)
	at com.Functions.AdMonitor_run.beforeTest(AdMonitor_run.java:154)
	at sun.reflect.NativeMethodAccessorImpl.invoke0(Native Method)
	at sun.reflect.NativeMethodAccessorImpl.invoke(NativeMethodAccessorImpl.java:62)
	at sun.reflect.DelegatingMethodAccessorImpl.invoke(DelegatingMethodAccessorImpl.java:43)
	at java.lang.reflect.Method.invoke(Method.java:498)
	at org.testng.internal.MethodInvocationHelper.invokeMethod(MethodInvocationHelper.java:86)
	at org.testng.internal.Invoker.invokeConfigurationMethod(Invoker.java:514)
	at org.testng.internal.Invoker.invokeConfigurations(Invoker.java:215)
	at org.testng.internal.Invoker.invokeConfigurations(Invoker.java:142)
	at org.testng.TestRunner.beforeRun(TestRunner.java:656)
	at org.testng.TestRunner.run(TestRunner.java:624)
	at org.testng.SuiteRunner.runTest(SuiteRunner.java:366)
	at org.testng.SuiteRunner.runSequentially(SuiteRunner.java:361)
	at org.testng.SuiteRunner.privateRun(SuiteRunner.java:319)
	at org.testng.SuiteRunner.run(SuiteRunner.java:268)
	at org.testng.SuiteRunnerWorker.runSuite(SuiteRunnerWorker.java:52)
	at org.testng.SuiteRunnerWorker.run(SuiteRunnerWorker.java:86)
	at org.testng.TestNG.runSuitesSequentially(TestNG.java:1244)
	at org.testng.TestNG.runSuitesLocally(TestNG.java:1169)
	at org.testng.TestNG.run(TestNG.java:1064)
	at org.apache.maven.surefire.testng.TestNGExecutor.run(TestNGExecutor.java:73)
	at org.apache.maven.surefire.testng.TestNGXmlTestSuite.execute(TestNGXmlTestSuite.java:94)
	at org.apache.maven.surefire.Surefire.run(Surefire.java:169)
	at sun.reflect.NativeMethodAccessorImpl.invoke0(Native Method)
	at sun.reflect.NativeMethodAccessorImpl.invoke(NativeMethodAccessorImpl.java:62)
	at sun.reflect.DelegatingMethodAccessorImpl.invoke(DelegatingMethodAccessorImpl.java:43)
	at java.lang.reflect.Method.invoke(Method.java:498)
	at org.apache.maven.surefire.booter.SurefireBooter.runSuitesInProcess(SurefireBooter.java:350)
	at org.apache.maven.surefire.booter.SurefireBooter.main(SurefireBooter.java:1021)
]]>
            </full-stacktrace>
          </exception> <!-- org.openqa.selenium.WebDriverException -->
          <reporter-output>
          </reporter-output>
        </test-method> <!-- beforeTest -->
        <test-method status="SKIP" signature="beforeMethod()[pri:0, instance:com.Functions.AdMonitor_run@6ac0b715]" name="beforeMethod" is-config="true" duration-ms="0" started-at="2018-01-04T15:53:20Z" finished-at="2018-01-04T15:53:20Z">
          <reporter-output>
          </reporter-output>
        </test-method> <!-- beforeMethod -->
        <test-method status="SKIP" signature="Feed_1_Ad_Validation()[pri:1, instance:com.Functions.AdMonitor_run@6ac0b715]" name="Feed_1_Ad_Validation" duration-ms="1" started-at="2018-01-04T15:53:20Z" finished-at="2018-01-04T15:53:20Z">
          <reporter-output>
          </reporter-output>
        </test-method> <!-- Feed_1_Ad_Validation -->
        <test-method status="SKIP" signature="afterMethod()[pri:0, instance:com.Functions.AdMonitor_run@6ac0b715]" name="afterMethod" is-config="true" duration-ms="0" started-at="2018-01-04T15:53:20Z" finished-at="2018-01-04T15:53:20Z">
          <reporter-output>
          </reporter-output>
        </test-method> <!-- afterMethod -->
        <test-method status="SKIP" signature="beforeMethod()[pri:0, instance:com.Functions.AdMonitor_run@6ac0b715]" name="beforeMethod" is-config="true" duration-ms="0" started-at="2018-01-04T15:53:20Z" finished-at="2018-01-04T15:53:20Z">
          <reporter-output>
          </reporter-output>
        </test-method> <!-- beforeMethod -->
        <test-method status="SKIP" signature="Feed_2_Ad_VAlidation()[pri:2, instance:com.Functions.AdMonitor_run@6ac0b715]" name="Feed_2_Ad_VAlidation" duration-ms="0" started-at="2018-01-04T15:53:20Z" finished-at="2018-01-04T15:53:20Z">
          <reporter-output>
          </reporter-output>
        </test-method> <!-- Feed_2_Ad_VAlidation -->
        <test-method status="SKIP" signature="Feed_3_Ad_Validation()[pri:3, instance:com.Functions.AdMonitor_run@6ac0b715]" name="Feed_3_Ad_Validation" duration-ms="0" started-at="2018-01-04T15:53:20Z" finished-at="2018-01-04T15:53:20Z">
          <reporter-output>
          </reporter-output>
        </test-method> <!-- Feed_3_Ad_Validation -->
        <test-method status="SKIP" signature="beforeMethod()[pri:0, instance:com.Functions.AdMonitor_run@6ac0b715]" name="beforeMethod" is-config="true" duration-ms="0" started-at="2018-01-04T15:53:20Z" finished-at="2018-01-04T15:53:20Z">
          <reporter-output>
          </reporter-output>
        </test-method> <!-- beforeMethod -->
        <test-method status="SKIP" signature="afterMethod()[pri:0, instance:com.Functions.AdMonitor_run@6ac0b715]" name="afterMethod" is-config="true" duration-ms="0" started-at="2018-01-04T15:53:20Z" finished-at="2018-01-04T15:53:20Z">
          <reporter-output>
          </reporter-output>
        </test-method> <!-- afterMethod -->
        <test-method status="SKIP" signature="afterMethod()[pri:0, instance:com.Functions.AdMonitor_run@6ac0b715]" name="afterMethod" is-config="true" duration-ms="0" started-at="2018-01-04T15:53:20Z" finished-at="2018-01-04T15:53:20Z">
          <reporter-output>
          </reporter-output>
        </test-method> <!-- afterMethod -->
        <test-method status="SKIP" signature="Feed_4_Ad_VAlidation()[pri:4, instance:com.Functions.AdMonitor_run@6ac0b715]" name="Feed_4_Ad_VAlidation" duration-ms="0" started-at="2018-01-04T15:53:20Z" finished-at="2018-01-04T15:53:20Z">
          <reporter-output>
          </reporter-output>
        </test-method> <!-- Feed_4_Ad_VAlidation -->
        <test-method status="SKIP" signature="afterMethod()[pri:0, instance:com.Functions.AdMonitor_run@6ac0b715]" name="afterMethod" is-config="true" duration-ms="0" started-at="2018-01-04T15:53:20Z" finished-at="2018-01-04T15:53:20Z">
          <reporter-output>
          </reporter-output>
        </test-method> <!-- afterMethod -->
        <test-method status="SKIP" signature="beforeMethod()[pri:0, instance:com.Functions.AdMonitor_run@6ac0b715]" name="beforeMethod" is-config="true" duration-ms="0" started-at="2018-01-04T15:53:20Z" finished-at="2018-01-04T15:53:20Z">
          <reporter-output>
          </reporter-output>
        </test-method> <!-- beforeMethod -->
        <test-method status="SKIP" signature="Feed_5_Ad_Validation()[pri:5, instance:com.Functions.AdMonitor_run@6ac0b715]" name="Feed_5_Ad_Validation" duration-ms="0" started-at="2018-01-04T15:53:20Z" finished-at="2018-01-04T15:53:20Z">
          <reporter-output>
          </reporter-output>
        </test-method> <!-- Feed_5_Ad_Validation -->
        <test-method status="SKIP" signature="afterMethod()[pri:0, instance:com.Functions.AdMonitor_run@6ac0b715]" name="afterMethod" is-config="true" duration-ms="0" started-at="2018-01-04T15:53:20Z" finished-at="2018-01-04T15:53:20Z">
          <reporter-output>
          </reporter-output>
        </test-method> <!-- afterMethod -->
        <test-method status="SKIP" signature="beforeMethod()[pri:0, instance:com.Functions.AdMonitor_run@6ac0b715]" name="beforeMethod" is-config="true" duration-ms="0" started-at="2018-01-04T15:53:20Z" finished-at="2018-01-04T15:53:20Z">
          <reporter-output>
          </reporter-output>
        </test-method> <!-- beforeMethod -->
        <test-method status="SKIP" signature="beforeMethod()[pri:0, instance:com.Functions.AdMonitor_run@6ac0b715]" name="beforeMethod" is-config="true" duration-ms="0" started-at="2018-01-04T15:53:20Z" finished-at="2018-01-04T15:53:20Z">
          <reporter-output>
          </reporter-output>
        </test-method> <!-- beforeMethod -->
        <test-method status="SKIP" signature="afterMethod()[pri:0, instance:com.Functions.AdMonitor_run@6ac0b715]" name="afterMethod" is-config="true" duration-ms="0" started-at="2018-01-04T15:53:20Z" finished-at="2018-01-04T15:53:20Z">
          <reporter-output>
          </reporter-output>
        </test-method> <!-- afterMethod -->
        <test-method status="SKIP" signature="HourlyPageAd_Validations()[pri:6, instance:com.Functions.AdMonitor_run@6ac0b715]" name="HourlyPageAd_Validations" duration-ms="0" started-at="2018-01-04T15:53:20Z" finished-at="2018-01-04T15:53:20Z">
          <reporter-output>
          </reporter-output>
        </test-method> <!-- HourlyPageAd_Validations -->
        <test-method status="SKIP" signature="DailyPageAd_Validations()[pri:7, instance:com.Functions.AdMonitor_run@6ac0b715]" name="DailyPageAd_Validations" duration-ms="0" started-at="2018-01-04T15:53:20Z" finished-at="2018-01-04T15:53:20Z">
          <reporter-output>
          </reporter-output>
        </test-method> <!-- DailyPageAd_Validations -->
        <test-method status="SKIP" signature="afterMethod()[pri:0, instance:com.Functions.AdMonitor_run@6ac0b715]" name="afterMethod" is-config="true" duration-ms="0" started-at="2018-01-04T15:53:20Z" finished-at="2018-01-04T15:53:20Z">
          <reporter-output>
          </reporter-output>
        </test-method> <!-- afterMethod -->
        <test-method status="SKIP" signature="beforeMethod()[pri:0, instance:com.Functions.AdMonitor_run@6ac0b715]" name="beforeMethod" is-config="true" duration-ms="0" started-at="2018-01-04T15:53:20Z" finished-at="2018-01-04T15:53:20Z">
          <reporter-output>
          </reporter-output>
        </test-method> <!-- beforeMethod -->
        <test-method status="SKIP" signature="beforeMethod()[pri:0, instance:com.Functions.AdMonitor_run@6ac0b715]" name="beforeMethod" is-config="true" duration-ms="0" started-at="2018-01-04T15:53:20Z" finished-at="2018-01-04T15:53:20Z">
          <reporter-output>
          </reporter-output>
        </test-method> <!-- beforeMethod -->
        <test-method status="SKIP" signature="NewsPageAd_Validations()[pri:9, instance:com.Functions.AdMonitor_run@6ac0b715]" name="NewsPageAd_Validations" duration-ms="1" started-at="2018-01-04T15:53:20Z" finished-at="2018-01-04T15:53:20Z">
          <reporter-output>
          </reporter-output>
        </test-method> <!-- NewsPageAd_Validations -->
        <test-method status="SKIP" signature="MapPageAd_Validations()[pri:8, instance:com.Functions.AdMonitor_run@6ac0b715]" name="MapPageAd_Validations" duration-ms="0" started-at="2018-01-04T15:53:20Z" finished-at="2018-01-04T15:53:20Z">
          <reporter-output>
          </reporter-output>
        </test-method> <!-- MapPageAd_Validations -->
        <test-method status="SKIP" signature="beforeMethod()[pri:0, instance:com.Functions.AdMonitor_run@6ac0b715]" name="beforeMethod" is-config="true" duration-ms="0" started-at="2018-01-04T15:53:20Z" finished-at="2018-01-04T15:53:20Z">
          <reporter-output>
          </reporter-output>
        </test-method> <!-- beforeMethod -->
        <test-method status="SKIP" signature="afterMethod()[pri:0, instance:com.Functions.AdMonitor_run@6ac0b715]" name="afterMethod" is-config="true" duration-ms="0" started-at="2018-01-04T15:53:20Z" finished-at="2018-01-04T15:53:20Z">
          <reporter-output>
          </reporter-output>
        </test-method> <!-- afterMethod -->
        <test-method status="SKIP" signature="HealthPage_cold_Flu_Ad_Validations()[pri:10, instance:com.Functions.AdMonitor_run@6ac0b715]" name="HealthPage_cold_Flu_Ad_Validations" duration-ms="0" started-at="2018-01-04T15:53:20Z" finished-at="2018-01-04T15:53:20Z">
          <reporter-output>
          </reporter-output>
        </test-method> <!-- HealthPage_cold_Flu_Ad_Validations -->
        <test-method status="SKIP" signature="beforeMethod()[pri:0, instance:com.Functions.AdMonitor_run@6ac0b715]" name="beforeMethod" is-config="true" duration-ms="0" started-at="2018-01-04T15:53:20Z" finished-at="2018-01-04T15:53:20Z">
          <reporter-output>
          </reporter-output>
        </test-method> <!-- beforeMethod -->
        <test-method status="SKIP" signature="afterMethod()[pri:0, instance:com.Functions.AdMonitor_run@6ac0b715]" name="afterMethod" is-config="true" duration-ms="0" started-at="2018-01-04T15:53:20Z" finished-at="2018-01-04T15:53:20Z">
          <reporter-output>
          </reporter-output>
        </test-method> <!-- afterMethod -->
        <test-method status="SKIP" signature="afterMethod()[pri:0, instance:com.Functions.AdMonitor_run@6ac0b715]" name="afterMethod" is-config="true" duration-ms="0" started-at="2018-01-04T15:53:20Z" finished-at="2018-01-04T15:53:20Z">
          <reporter-output>
          </reporter-output>
        </test-method> <!-- afterMethod -->
        <test-method status="SKIP" signature="beforeMethod()[pri:0, instance:com.Functions.AdMonitor_run@6ac0b715]" name="beforeMethod" is-config="true" duration-ms="0" started-at="2018-01-04T15:53:20Z" finished-at="2018-01-04T15:53:20Z">
          <reporter-output>
          </reporter-output>
        </test-method> <!-- beforeMethod -->
        <test-method status="SKIP" signature="HealthPage_Ski_Ad_Validations()[pri:12, instance:com.Functions.AdMonitor_run@6ac0b715]" name="HealthPage_Ski_Ad_Validations" duration-ms="0" started-at="2018-01-04T15:53:20Z" finished-at="2018-01-04T15:53:20Z">
          <reporter-output>
          </reporter-output>
        </test-method> <!-- HealthPage_Ski_Ad_Validations -->
        <test-method status="SKIP" signature="afterMethod()[pri:0, instance:com.Functions.AdMonitor_run@6ac0b715]" name="afterMethod" is-config="true" duration-ms="0" started-at="2018-01-04T15:53:20Z" finished-at="2018-01-04T15:53:20Z">
          <reporter-output>
          </reporter-output>
        </test-method> <!-- afterMethod -->
        <test-method status="SKIP" signature="beforeMethod()[pri:0, instance:com.Functions.AdMonitor_run@6ac0b715]" name="beforeMethod" is-config="true" duration-ms="0" started-at="2018-01-04T15:53:20Z" finished-at="2018-01-04T15:53:20Z">
          <reporter-output>
          </reporter-output>
        </test-method> <!-- beforeMethod -->
        <test-method status="SKIP" signature="HealthPage_Allergy_Ad_Validations()[pri:11, instance:com.Functions.AdMonitor_run@6ac0b715]" name="HealthPage_Allergy_Ad_Validations" duration-ms="0" started-at="2018-01-04T15:53:20Z" finished-at="2018-01-04T15:53:20Z">
          <reporter-output>
          </reporter-output>
        </test-method> <!-- HealthPage_Allergy_Ad_Validations -->
        <test-method status="SKIP" signature="beforeMethod()[pri:0, instance:com.Functions.AdMonitor_run@6ac0b715]" name="beforeMethod" is-config="true" duration-ms="0" started-at="2018-01-04T15:53:20Z" finished-at="2018-01-04T15:53:20Z">
          <reporter-output>
          </reporter-output>
        </test-method> <!-- beforeMethod -->
        <test-method status="SKIP" signature="beforeMethod()[pri:0, instance:com.Functions.AdMonitor_run@6ac0b715]" name="beforeMethod" is-config="true" duration-ms="0" started-at="2018-01-04T15:53:20Z" finished-at="2018-01-04T15:53:20Z">
          <reporter-output>
          </reporter-output>
        </test-method> <!-- beforeMethod -->
        <test-method status="SKIP" signature="HealthPage_Running_Ad_Validations()[pri:13, instance:com.Functions.AdMonitor_run@6ac0b715]" name="HealthPage_Running_Ad_Validations" duration-ms="0" started-at="2018-01-04T15:53:20Z" finished-at="2018-01-04T15:53:20Z">
          <reporter-output>
          </reporter-output>
        </test-method> <!-- HealthPage_Running_Ad_Validations -->
        <test-method status="SKIP" signature="afterMethod()[pri:0, instance:com.Functions.AdMonitor_run@6ac0b715]" name="afterMethod" is-config="true" duration-ms="0" started-at="2018-01-04T15:53:20Z" finished-at="2018-01-04T15:53:20Z">
          <reporter-output>
          </reporter-output>
        </test-method> <!-- afterMethod -->
        <test-method status="SKIP" signature="afterMethod()[pri:0, instance:com.Functions.AdMonitor_run@6ac0b715]" name="afterMethod" is-config="true" duration-ms="0" started-at="2018-01-04T15:53:20Z" finished-at="2018-01-04T15:53:20Z">
          <reporter-output>
          </reporter-output>
        </test-method> <!-- afterMethod -->
        <test-method status="SKIP" signature="afterMethod()[pri:0, instance:com.Functions.AdMonitor_run@6ac0b715]" name="afterMethod" is-config="true" duration-ms="0" started-at="2018-01-04T15:53:20Z" finished-at="2018-01-04T15:53:20Z">
          <reporter-output>
          </reporter-output>
        </test-method> <!-- afterMethod -->
        <test-method status="SKIP" signature="HealthPage_Boat_Beach_Ad_Validations()[pri:14, instance:com.Functions.AdMonitor_run@6ac0b715]" name="HealthPage_Boat_Beach_Ad_Validations" duration-ms="0" started-at="2018-01-04T15:53:20Z" finished-at="2018-01-04T15:53:20Z">
          <reporter-output>
          </reporter-output>
        </test-method> <!-- HealthPage_Boat_Beach_Ad_Validations -->
        <test-method status="SKIP" signature="beforeMethod()[pri:0, instance:com.Functions.AdMonitor_run@6ac0b715]" name="beforeMethod" is-config="true" duration-ms="0" started-at="2018-01-04T15:53:20Z" finished-at="2018-01-04T15:53:20Z">
          <reporter-output>
          </reporter-output>
        </test-method> <!-- beforeMethod -->
        <test-method status="SKIP" signature="NativAd_Validations()[pri:15, instance:com.Functions.AdMonitor_run@6ac0b715]" name="NativAd_Validations" duration-ms="0" started-at="2018-01-04T15:53:20Z" finished-at="2018-01-04T15:53:20Z">
          <reporter-output>
          </reporter-output>
        </test-method> <!-- NativAd_Validations -->
        <test-method status="SKIP" signature="afterMethod()[pri:0, instance:com.Functions.AdMonitor_run@6ac0b715]" name="afterMethod" is-config="true" duration-ms="0" started-at="2018-01-04T15:53:20Z" finished-at="2018-01-04T15:53:20Z">
          <reporter-output>
          </reporter-output>
        </test-method> <!-- afterMethod -->
        <test-method status="SKIP" signature="NativBB_Validations()[pri:16, instance:com.Functions.AdMonitor_run@6ac0b715]" name="NativBB_Validations" duration-ms="1" started-at="2018-01-04T15:53:20Z" finished-at="2018-01-04T15:53:20Z">
          <reporter-output>
          </reporter-output>
        </test-method> <!-- NativBB_Validations -->
        <test-method status="SKIP" signature="beforeMethod()[pri:0, instance:com.Functions.AdMonitor_run@6ac0b715]" name="beforeMethod" is-config="true" duration-ms="0" started-at="2018-01-04T15:53:20Z" finished-at="2018-01-04T15:53:20Z">
          <reporter-output>
          </reporter-output>
        </test-method> <!-- beforeMethod -->
        <test-method status="SKIP" signature="afterMethod()[pri:0, instance:com.Functions.AdMonitor_run@6ac0b715]" name="afterMethod" is-config="true" duration-ms="0" started-at="2018-01-04T15:53:20Z" finished-at="2018-01-04T15:53:20Z">
          <reporter-output>
          </reporter-output>
        </test-method> <!-- afterMethod -->
        <test-method status="SKIP" signature="NativanimatedBB_Validations()[pri:17, instance:com.Functions.AdMonitor_run@6ac0b715]" name="NativanimatedBB_Validations" duration-ms="0" started-at="2018-01-04T15:53:20Z" finished-at="2018-01-04T15:53:20Z">
          <reporter-output>
          </reporter-output>
        </test-method> <!-- NativanimatedBB_Validations -->
        <test-method status="SKIP" signature="afterMethod()[pri:0, instance:com.Functions.AdMonitor_run@6ac0b715]" name="afterMethod" is-config="true" duration-ms="0" started-at="2018-01-04T15:53:20Z" finished-at="2018-01-04T15:53:20Z">
          <reporter-output>
          </reporter-output>
        </test-method> <!-- afterMethod -->
        <test-method status="SKIP" signature="beforeMethod()[pri:0, instance:com.Functions.AdMonitor_run@6ac0b715]" name="beforeMethod" is-config="true" duration-ms="0" started-at="2018-01-04T15:53:20Z" finished-at="2018-01-04T15:53:20Z">
          <reporter-output>
          </reporter-output>
        </test-method> <!-- beforeMethod -->
        <test-method status="SKIP" signature="animatedBBAd_Validations()[pri:19, instance:com.Functions.AdMonitor_run@6ac0b715]" name="animatedBBAd_Validations" duration-ms="0" started-at="2018-01-04T15:53:20Z" finished-at="2018-01-04T15:53:20Z">
          <reporter-output>
          </reporter-output>
        </test-method> <!-- animatedBBAd_Validations -->
        <test-method status="SKIP" signature="beforeMethod()[pri:0, instance:com.Functions.AdMonitor_run@6ac0b715]" name="beforeMethod" is-config="true" duration-ms="0" started-at="2018-01-04T15:53:20Z" finished-at="2018-01-04T15:53:20Z">
          <reporter-output>
          </reporter-output>
        </test-method> <!-- beforeMethod -->
        <test-method status="SKIP" signature="afterMethod()[pri:0, instance:com.Functions.AdMonitor_run@6ac0b715]" name="afterMethod" is-config="true" duration-ms="0" started-at="2018-01-04T15:53:20Z" finished-at="2018-01-04T15:53:20Z">
          <reporter-output>
          </reporter-output>
        </test-method> <!-- afterMethod -->
        <test-method status="SKIP" signature="afterTest()[pri:0, instance:com.Functions.AdMonitor_run@6ac0b715]" name="afterTest" is-config="true" duration-ms="0" started-at="2018-01-04T15:53:20Z" finished-at="2018-01-04T15:53:20Z">
          <reporter-output>
          </reporter-output>
        </test-method> <!-- afterTest -->
      </class> <!-- com.Functions.AdMonitor_run -->
    </test> <!-- Test -->
  </suite> <!-- Suite -->
</testng-results>
