<?xml version="1.0" encoding="UTF-8"?>
<!-- Generated by org.testng.reporters.JUnitXMLReporter -->
<testsuite hostname="MONO-HYD-LAP-14" name="TestLASTPPass" tests="10" failures="1" timestamp="20 Sep 2018 14:09:40 GMT" time="46.271" errors="0">
  <testcase name="selectNBSBranchInward" time="37.221" classname="Cosmos_Testcases.LATraditionalstppass">
    <failure type="java.lang.AssertionError" message="Bucket not completed">
      <![CDATA[java.lang.AssertionError: Bucket not completed
	at pageObjectClasses.NBSBranchInward.branchInward_details(NBSBranchInward.java:345)
	at Cosmos_Testcases.LATraditionalstppass.selectNBSBranchInward(LATraditionalstppass.java:83)
... Removed 31 stack frames]]>
    </failure>
  </testcase> <!-- selectNBSBranchInward -->
  <testcase name="submitReciept" time="0.0" classname="Cosmos_Testcases.LATraditionalstppass">
    <skipped/>
  </testcase> <!-- submitReciept -->
  <testcase name="pendingBranchScrutny" time="0.0" classname="Cosmos_Testcases.LATraditionalstppass">
    <skipped/>
  </testcase> <!-- pendingBranchScrutny -->
  <testcase name="selectDispatch" time="0.0" classname="Cosmos_Testcases.LATraditionalstppass">
    <skipped/>
  </testcase> <!-- selectDispatch -->
  <testcase name="scanAndIndex" time="0.0" classname="Cosmos_Testcases.LATraditionalstppass">
    <skipped/>
  </testcase> <!-- scanAndIndex -->
  <testcase name="copsInwardBucket" time="0.0" classname="Cosmos_Testcases.LATraditionalstppass">
    <skipped/>
  </testcase> <!-- copsInwardBucket -->
  <testcase name="nbsDataEntry" time="0.0" classname="Cosmos_Testcases.LATraditionalstppass">
    <skipped/>
  </testcase> <!-- nbsDataEntry -->
  <testcase name="copsQc" time="0.0" classname="Cosmos_Testcases.LATraditionalstppass">
    <skipped/>
  </testcase> <!-- copsQc -->
  <testcase name="applicationTracker" time="0.0" classname="Cosmos_Testcases.LATraditionalstppass">
    <skipped/>
  </testcase> <!-- applicationTracker -->
  <testcase name="proposalEnquiry" time="0.0" classname="Cosmos_Testcases.LATraditionalstppass">
    <skipped/>
  </testcase> <!-- proposalEnquiry -->
</testsuite> <!-- TestLASTPPass -->
